[ 2015-10-10T09:02:34+08:00 ] 127.0.0.1 /index.php/Admin/Goods/lst.html
INFO: [ app_init ] --START--
INFO: Run Behavior\BuildLiteBehavior [ RunTime:0.000000s ]
INFO: [ app_init ] --END-- [ RunTime:0.002000s ]
INFO: [ app_begin ] --START--
INFO: Run Behavior\ReadHtmlCacheBehavior [ RunTime:0.002001s ]
INFO: [ app_begin ] --END-- [ RunTime:0.002001s ]
NOTIC: [8192] mysql_connect(): The mysql extension is deprecated and will be removed in the future: use mysqli or PDO instead C:\wamp\www\www.jxshop1.com\ThinkPHP\Library\Think\Db\Driver\Mysql.class.php 第 52 行.
SQL: SHOW COLUMNS FROM `jxshop_admin` [ RunTime:0.007000s ]
SQL: SHOW COLUMNS FROM `jxshop_goods` [ RunTime:0.006001s ]
SQL: SELECT COUNT(*) AS tp_count FROM `jxshop_goods` LIMIT 1   [ RunTime:0.001000s ]
SQL: SELECT * FROM `jxshop_goods` LIMIT 0,15   [ RunTime:0.001000s ]
SQL: SHOW COLUMNS FROM `jxshop_category` [ RunTime:0.006001s ]
SQL: SELECT * FROM `jxshop_category`  [ RunTime:0.001000s ]
INFO: [ view_parse ] --START--
INFO: [ template_filter ] --START--
INFO: Run Behavior\ContentReplaceBehavior [ RunTime:0.000000s ]
INFO: [ template_filter ] --END-- [ RunTime:0.001000s ]
INFO: Run Behavior\ParseTemplateBehavior [ RunTime:0.028002s ]
INFO: [ view_parse ] --END-- [ RunTime:0.028002s ]
INFO: [ view_filter ] --START--
INFO: Run Behavior\WriteHtmlCacheBehavior [ RunTime:0.001000s ]
INFO: [ view_filter ] --END-- [ RunTime:0.001000s ]
INFO: [ app_end ] --START--
INFO: Run Behavior\ShowPageTraceBehavior [ RunTime:0.001000s ]
INFO: [ app_end ] --END-- [ RunTime:0.003000s ]

[ 2015-10-10T09:02:36+08:00 ] 127.0.0.1 /index.php/Admin/Goods/edit/id/11.html
INFO: [ app_init ] --START--
INFO: Run Behavior\BuildLiteBehavior [ RunTime:0.000000s ]
INFO: [ app_init ] --END-- [ RunTime:0.001001s ]
INFO: [ app_begin ] --START--
INFO: Run Behavior\ReadHtmlCacheBehavior [ RunTime:0.001000s ]
INFO: [ app_begin ] --END-- [ RunTime:0.001000s ]
NOTIC: [8192] mysql_connect(): The mysql extension is deprecated and will be removed in the future: use mysqli or PDO instead C:\wamp\www\www.jxshop1.com\ThinkPHP\Library\Think\Db\Driver\Mysql.class.php 第 52 行.
SQL: SHOW COLUMNS FROM `jxshop_admin` [ RunTime:0.007001s ]
SQL: SHOW COLUMNS FROM `jxshop_goods` [ RunTime:0.009000s ]
SQL: SELECT * FROM `jxshop_goods` WHERE ( `id` = 11 ) LIMIT 1   [ RunTime:0.002000s ]
SQL: SHOW COLUMNS FROM `jxshop_attribute` [ RunTime:0.008000s ]
SQL: SELECT a.id attr_id,a.attr_name,a.attr_type,a.attr_option_value,b.id,b.attr_value FROM jxshop_attribute a LEFT JOIN jxshop_goods_attr b ON (a.id=b.attr_id AND b.goods_id=11)  WHERE ( a.type_id = '2' )  [ RunTime:0.001000s ]
SQL: SHOW COLUMNS FROM `jxshop_category` [ RunTime:0.008001s ]
SQL: SELECT * FROM `jxshop_category`  [ RunTime:0.001000s ]
SQL: SHOW COLUMNS FROM `jxshop_goods_cat` [ RunTime:0.007001s ]
SQL: SELECT `cat_id` FROM `jxshop_goods_cat` WHERE ( `goods_id` = '11' )  [ RunTime:0.001000s ]
SQL: SHOW COLUMNS FROM `jxshop_type` [ RunTime:0.008000s ]
SQL: SELECT * FROM `jxshop_type`  [ RunTime:0.001000s ]
INFO: [ view_parse ] --START--
INFO: [ template_filter ] --START--
INFO: Run Behavior\ContentReplaceBehavior [ RunTime:0.000000s ]
INFO: [ template_filter ] --END-- [ RunTime:0.002000s ]
INFO: Run Behavior\ParseTemplateBehavior [ RunTime:0.056003s ]
INFO: [ view_parse ] --END-- [ RunTime:0.057003s ]
INFO: [ view_filter ] --START--
INFO: Run Behavior\WriteHtmlCacheBehavior [ RunTime:0.002000s ]
INFO: [ view_filter ] --END-- [ RunTime:0.002000s ]
INFO: [ app_end ] --START--
INFO: Run Behavior\ShowPageTraceBehavior [ RunTime:0.002001s ]
INFO: [ app_end ] --END-- [ RunTime:0.004001s ]

[ 2015-10-10T09:04:16+08:00 ] 127.0.0.1 /index.php/Admin/Goods/edit/id/11.html
INFO: [ app_init ] --START--
INFO: Run Behavior\BuildLiteBehavior [ RunTime:0.000000s ]
INFO: [ app_init ] --END-- [ RunTime:0.002001s ]
INFO: [ app_begin ] --START--
INFO: Run Behavior\ReadHtmlCacheBehavior [ RunTime:0.002000s ]
INFO: [ app_begin ] --END-- [ RunTime:0.003000s ]
NOTIC: [8192] mysql_connect(): The mysql extension is deprecated and will be removed in the future: use mysqli or PDO instead C:\wamp\www\www.jxshop1.com\ThinkPHP\Library\Think\Db\Driver\Mysql.class.php 第 52 行.
SQL: SHOW COLUMNS FROM `jxshop_admin` [ RunTime:0.007000s ]
SQL: SHOW COLUMNS FROM `jxshop_goods` [ RunTime:0.009001s ]
SQL: SELECT * FROM `jxshop_goods` WHERE ( `id` = 11 ) LIMIT 1   [ RunTime:0.001000s ]
SQL: SHOW COLUMNS FROM `jxshop_attribute` [ RunTime:0.008001s ]
SQL: SELECT a.id attr_id,a.attr_name,a.attr_type,a.attr_option_value,b.id,b.attr_value FROM jxshop_attribute a LEFT JOIN jxshop_goods_attr b ON (a.id=b.attr_id AND b.goods_id=11)  WHERE ( a.type_id = '2' )  [ RunTime:0.002000s ]
SQL: SHOW COLUMNS FROM `jxshop_category` [ RunTime:0.008000s ]
SQL: SELECT * FROM `jxshop_category`  [ RunTime:0.001000s ]
SQL: SHOW COLUMNS FROM `jxshop_goods_cat` [ RunTime:0.007000s ]
SQL: SELECT `cat_id` FROM `jxshop_goods_cat` WHERE ( `goods_id` = '11' )  [ RunTime:0.001000s ]
SQL: SHOW COLUMNS FROM `jxshop_type` [ RunTime:0.006001s ]
SQL: SELECT * FROM `jxshop_type`  [ RunTime:0.002000s ]
INFO: [ view_parse ] --START--
INFO: [ template_filter ] --START--
INFO: Run Behavior\ContentReplaceBehavior [ RunTime:0.001000s ]
INFO: [ template_filter ] --END-- [ RunTime:0.001000s ]
INFO: Run Behavior\ParseTemplateBehavior [ RunTime:0.040002s ]
INFO: [ view_parse ] --END-- [ RunTime:0.042002s ]
INFO: [ view_filter ] --START--
INFO: Run Behavior\WriteHtmlCacheBehavior [ RunTime:0.001000s ]
INFO: [ view_filter ] --END-- [ RunTime:0.003001s ]
INFO: [ app_end ] --START--
INFO: Run Behavior\ShowPageTraceBehavior [ RunTime:0.003000s ]
INFO: [ app_end ] --END-- [ RunTime:0.004000s ]

[ 2015-10-10T10:47:40+08:00 ] 127.0.0.1 /index.php/Admin/Goods/lst.html
INFO: [ app_init ] --START--
INFO: Run Behavior\BuildLiteBehavior [ RunTime:0.000000s ]
INFO: [ app_init ] --END-- [ RunTime:0.001000s ]
INFO: [ app_begin ] --START--
INFO: Run Behavior\ReadHtmlCacheBehavior [ RunTime:0.001000s ]
INFO: [ app_begin ] --END-- [ RunTime:0.002001s ]
NOTIC: [8192] mysql_connect(): The mysql extension is deprecated and will be removed in the future: use mysqli or PDO instead C:\wamp\www\www.jxshop1.com\ThinkPHP\Library\Think\Db\Driver\Mysql.class.php 第 52 行.
SQL: SHOW COLUMNS FROM `jxshop_admin` [ RunTime:0.007000s ]
SQL: SHOW COLUMNS FROM `jxshop_goods` [ RunTime:0.008000s ]
SQL: SELECT COUNT(*) AS tp_count FROM `jxshop_goods` LIMIT 1   [ RunTime:0.001000s ]
SQL: SELECT * FROM `jxshop_goods` LIMIT 0,15   [ RunTime:0.002000s ]
SQL: SHOW COLUMNS FROM `jxshop_category` [ RunTime:0.006000s ]
SQL: SELECT * FROM `jxshop_category`  [ RunTime:0.001000s ]
INFO: [ view_parse ] --START--
INFO: [ template_filter ] --START--
INFO: Run Behavior\ContentReplaceBehavior [ RunTime:0.000000s ]
INFO: [ template_filter ] --END-- [ RunTime:0.001001s ]
INFO: Run Behavior\ParseTemplateBehavior [ RunTime:0.030001s ]
INFO: [ view_parse ] --END-- [ RunTime:0.032002s ]
INFO: [ view_filter ] --START--
INFO: Run Behavior\WriteHtmlCacheBehavior [ RunTime:0.001000s ]
INFO: [ view_filter ] --END-- [ RunTime:0.002000s ]
INFO: [ app_end ] --START--
INFO: Run Behavior\ShowPageTraceBehavior [ RunTime:0.002001s ]
INFO: [ app_end ] --END-- [ RunTime:0.003001s ]

